TN:
SF:/workspaces/testingGocodeo/build/test/runners/test_main_runner.c
FN:20,25,CMock_Init
FN:26,28,CMock_Verify
FN:29,31,CMock_Destroy
FN:35,42,resetTest
FN:44,47,verifyTest
FN:50,75,run_test
FN:78,102,main
FNDA:2,CMock_Init
FNDA:2,CMock_Verify
FNDA:2,CMock_Destroy
FNDA:0,resetTest
FNDA:0,verifyTest
FNDA:2,run_test
FNDA:1,main
FNF:7
FNH:5
DA:20,2
DA:22,2
DA:23,2
DA:24,2
DA:25,2
DA:26,2
DA:28,2
DA:29,2
DA:31,2
DA:35,0
DA:37,0
DA:38,0
DA:39,0
DA:40,0
DA:41,0
DA:42,0
DA:44,0
DA:46,0
DA:47,0
DA:50,2
DA:52,2
DA:53,2
DA:55,2
DA:56,0
DA:58,2
DA:59,2
DA:61,2
DA:62,2
DA:64,2
DA:65,2
DA:67,2
DA:69,2
DA:70,2
DA:72,2
DA:74,2
DA:78,1
DA:81,1
DA:82,1
DA:84,0
DA:86,0
DA:87,0
DA:88,0
DA:89,0
DA:90,0
DA:91,0
DA:92,0
DA:94,0
DA:97,1
DA:98,1
DA:99,1
DA:101,1
LF:51
LH:31
end_of_record
TN:
SF:/workspaces/testingGocodeo/build/vendor/unity/src/unity.c
FN:1013,1029,UnityAssertFloatsWithin
FN:1032,1050,UnityAssertFloatsNotWithin
FN:1053,1083,UnityAssertGreaterOrLessFloat
FN:1086,1148,UnityAssertFloatSpecial
FN:128,148,UnityPrint
FN:1380,1424,UnityAssertNumbersWithin
FN:1427,1588,UnityAssertNumbersArrayWithin
FN:150,185,UnityPrintLen
FN:1591,1627,UnityAssertEqualString
FN:1630,1667,UnityAssertEqualStringLen
FN:1670,1750,UnityAssertEqualStringArray
FN:1753,1822,UnityAssertEqualMemory
FN:1842,1864,UnityNumToPtr
FN:1868,1872,UnityFloatToPtr
FN:188,236,UnityPrintNumberByStyle
FN:2124,2158,UnityFail
FN:2161,2174,UnityIgnore
FN:2177,2188,UnityMessage
FN:2193,2211,UnityDefaultTestRun
FN:2215,2218,UnitySetTestFile
FN:2221,2234,UnityBegin
FN:2237,2264,UnityEnd
FN:2277,2354,UnityParseOptions
FN:2357,2409,IsStringInBiggerString
FN:239,250,UnityPrintNumber
FN:2412,2472,UnityStringArgumentMatches
FN:2475,2498,UnityTestMatches
FN:254,270,UnityPrintNumberUnsigned
FN:273,296,UnityPrintNumberHex
FN:299,323,UnityPrintMask
FN:334,491,UnityPrintFloat
FN:495,535,UnityTestResultsBegin
FN:538,543,UnityTestResultsFailBegin
FN:546,567,UnityConcludeTest
FN:570,594,UnityAddMsgIfSpecified
FN:597,621,UnityPrintExpectedAndActualStrings
FN:624,650,UnityPrintExpectedAndActualStringsLen
FN:657,684,UnityIsOneArrayNull
FN:691,709,UnityAssertBits
FN:712,730,UnityAssertEqualNumber
FN:733,770,UnityAssertGreaterOrLessOrEqualNumber
FN:78,104,UnityPrintChar
FN:781,893,UnityAssertEqualIntArray
FN:926,930,UnityFloatsWithin
FN:933,1010,UnityAssertWithinFloatArray
FNDA:0,UnityAssertFloatsWithin
FNDA:0,UnityAssertFloatsNotWithin
FNDA:0,UnityAssertGreaterOrLessFloat
FNDA:0,UnityAssertFloatSpecial
FNDA:11,UnityPrint
FNDA:0,UnityAssertNumbersWithin
FNDA:0,UnityAssertNumbersArrayWithin
FNDA:0,UnityPrintLen
FNDA:0,UnityAssertEqualString
FNDA:0,UnityAssertEqualStringLen
FNDA:0,UnityAssertEqualStringArray
FNDA:0,UnityAssertEqualMemory
FNDA:0,UnityNumToPtr
FNDA:0,UnityFloatToPtr
FNDA:0,UnityPrintNumberByStyle
FNDA:0,UnityFail
FNDA:0,UnityIgnore
FNDA:0,UnityMessage
FNDA:0,UnityDefaultTestRun
FNDA:0,UnitySetTestFile
FNDA:1,UnityBegin
FNDA:1,UnityEnd
FNDA:1,UnityParseOptions
FNDA:0,IsStringInBiggerString
FNDA:5,UnityPrintNumber
FNDA:0,UnityStringArgumentMatches
FNDA:2,UnityTestMatches
FNDA:5,UnityPrintNumberUnsigned
FNDA:0,UnityPrintNumberHex
FNDA:0,UnityPrintMask
FNDA:0,UnityPrintFloat
FNDA:2,UnityTestResultsBegin
FNDA:0,UnityTestResultsFailBegin
FNDA:2,UnityConcludeTest
FNDA:0,UnityAddMsgIfSpecified
FNDA:0,UnityPrintExpectedAndActualStrings
FNDA:0,UnityPrintExpectedAndActualStringsLen
FNDA:0,UnityIsOneArrayNull
FNDA:0,UnityAssertBits
FNDA:2,UnityAssertEqualNumber
FNDA:0,UnityAssertGreaterOrLessOrEqualNumber
FNDA:102,UnityPrintChar
FNDA:0,UnityAssertEqualIntArray
FNDA:0,UnityFloatsWithin
FNDA:0,UnityAssertWithinFloatArray
FNF:45
FNH:11
DA:78,102
DA:81,102
DA:83,102
DA:86,0
DA:88,0
DA:89,0
DA:92,0
DA:94,0
DA:95,0
DA:100,0
DA:101,0
DA:102,0
DA:104,102
DA:128,11
DA:130,11
DA:132,11
DA:134,113
DA:144,102
DA:145,102
DA:148,11
DA:150,0
DA:152,0
DA:154,0
DA:156,0
DA:159,0
DA:161,0
DA:164,0
DA:166,0
DA:167,0
DA:170,0
DA:172,0
DA:173,0
DA:178,0
DA:179,0
DA:180,0
DA:182,0
DA:185,0
DA:188,0
DA:190,0
DA:192,0
DA:195,0
DA:196,0
DA:198,0
DA:201,0
DA:203,0
DA:204,0
DA:207,0
DA:209,0
DA:210,0
DA:215,0
DA:216,0
DA:217,0
DA:219,0
DA:223,0
DA:226,0
DA:228,0
DA:232,0
DA:233,0
DA:234,0
DA:236,0
DA:239,5
DA:241,5
DA:243,5
DA:246,0
DA:247,0
DA:249,5
DA:250,5
DA:254,5
DA:256,5
DA:259,6
DA:261,1
DA:267,6
DA:268,6
DA:269,6
DA:270,5
DA:273,0
DA:276,0
DA:278,0
DA:280,0
DA:283,0
DA:285,0
DA:286,0
DA:287,0
DA:289,0
DA:293,0
DA:296,0
DA:299,0
DA:301,0
DA:304,0
DA:306,0
DA:308,0
DA:310,0
DA:314,0
DA:319,0
DA:321,0
DA:323,0
DA:334,0
DA:346,0
DA:349,0
DA:351,0
DA:352,0
DA:356,0
DA:358,0
DA:360,0
DA:362,0
DA:364,0
DA:366,0
DA:370,0
DA:372,0
DA:375,0
DA:384,0
DA:386,0
DA:388,0
DA:389,0
DA:391,0
DA:393,0
DA:395,0
DA:397,0
DA:398,0
DA:400,0
DA:409,0
DA:410,0
DA:411,0
DA:413,0
DA:415,0
DA:419,0
DA:423,0
DA:424,0
DA:427,0
DA:429,0
DA:431,0
DA:432,0
DA:436,0
DA:437,0
DA:440,0
DA:442,0
DA:443,0
DA:447,0
DA:448,0
DA:450,0
DA:451,0
DA:455,0
DA:457,0
DA:459,0
DA:461,0
DA:465,0
DA:467,0
DA:469,0
DA:471,0
DA:472,0
DA:476,0
DA:479,0
DA:480,0
DA:482,0
DA:483,0
DA:485,0
DA:487,0
DA:491,0
DA:495,2
DA:526,2
DA:527,2
DA:528,2
DA:529,2
DA:530,2
DA:531,2
DA:535,2
DA:538,0
DA:540,0
DA:541,0
DA:542,0
DA:543,0
DA:546,2
DA:548,2
DA:550,0
DA:552,2
DA:554,2
DA:555,2
DA:559,0
DA:562,2
DA:563,2
DA:565,2
DA:567,2
DA:570,0
DA:577,0
DA:579,0
DA:580,0
DA:581,0
DA:582,0
DA:584,0
DA:585,0
DA:589,0
DA:591,0
DA:592,0
DA:594,0
DA:597,0
DA:599,0
DA:600,0
DA:602,0
DA:603,0
DA:604,0
DA:608,0
DA:610,0
DA:611,0
DA:613,0
DA:614,0
DA:615,0
DA:619,0
DA:621,0
DA:624,0
DA:628,0
DA:629,0
DA:631,0
DA:632,0
DA:633,0
DA:637,0
DA:639,0
DA:640,0
DA:642,0
DA:643,0
DA:644,0
DA:648,0
DA:650,0
DA:657,0
DA:663,0
DA:666,0
DA:668,0
DA:669,0
DA:670,0
DA:671,0
DA:675,0
DA:677,0
DA:678,0
DA:679,0
DA:680,0
DA:683,0
DA:691,0
DA:697,0
DA:699,0
DA:701,0
DA:702,0
DA:703,0
DA:704,0
DA:705,0
DA:706,0
DA:707,0
DA:709,0
DA:712,2
DA:718,2
DA:720,2
DA:722,0
DA:723,0
DA:724,0
DA:725,0
DA:726,0
DA:727,0
DA:728,0
DA:730,2
DA:733,0
DA:740,0
DA:741,0
DA:743,0
DA:744,0
DA:746,0
DA:748,0
DA:749,0
DA:753,0
DA:754,0
DA:757,0
DA:759,0
DA:760,0
DA:761,0
DA:762,0
DA:763,0
DA:764,0
DA:765,0
DA:766,0
DA:767,0
DA:768,0
DA:781,0
DA:789,0
DA:790,0
DA:791,0
DA:793,0
DA:795,0
DA:800,0
DA:804,0
DA:806,0
DA:809,0
DA:811,0
DA:814,0
DA:819,0
DA:821,0
DA:822,0
DA:823,0
DA:824,0
DA:826,0
DA:827,0
DA:829,0
DA:830,0
DA:832,0
DA:833,0
DA:834,0
DA:835,0
DA:837,0
DA:838,0
DA:840,0
DA:841,0
DA:844,0
DA:845,0
DA:846,0
DA:847,0
DA:848,0
DA:851,0
DA:853,0
DA:854,0
DA:856,0
DA:858,0
DA:859,0
DA:862,0
DA:863,0
DA:864,0
DA:867,0
DA:869,0
DA:871,0
DA:872,0
DA:873,0
DA:874,0
DA:876,0
DA:877,0
DA:878,0
DA:879,0
DA:880,0
DA:881,0
DA:882,0
DA:883,0
DA:884,0
DA:887,0
DA:889,0
DA:891,0
DA:926,0
DA:929,0
DA:933,0
DA:941,0
DA:942,0
DA:943,0
DA:944,0
DA:945,0
DA:947,0
DA:949,0
DA:954,0
DA:958,0
DA:960,0
DA:963,0
DA:966,0
DA:969,0
DA:971,0
DA:974,0
DA:976,0
DA:980,0
DA:982,0
DA:985,0
DA:987,0
DA:989,0
DA:992,0
DA:995,0
DA:997,0
DA:998,0
DA:999,0
DA:1000,0
DA:1001,0
DA:1002,0
DA:1004,0
DA:1006,0
DA:1008,0
DA:1013,0
DA:1019,0
DA:1022,0
DA:1024,0
DA:1025,0
DA:1026,0
DA:1027,0
DA:1029,0
DA:1032,0
DA:1038,0
DA:1040,0
DA:1042,0
DA:1043,0
DA:1044,0
DA:1045,0
DA:1046,0
DA:1047,0
DA:1048,0
DA:1050,0
DA:1053,0
DA:1061,0
DA:1063,0
DA:1066,0
DA:1067,0
DA:1069,0
DA:1071,0
DA:1073,0
DA:1074,0
DA:1075,0
DA:1076,0
DA:1077,0
DA:1078,0
DA:1079,0
DA:1080,0
DA:1081,0
DA:1083,0
DA:1086,0
DA:1091,0
DA:1092,0
DA:1093,0
DA:1094,0
DA:1096,0
DA:1098,0
DA:1100,0
DA:1102,0
DA:1103,0
DA:1104,0
DA:1106,0
DA:1107,0
DA:1109,0
DA:1111,0
DA:1112,0
DA:1114,0
DA:1116,0
DA:1117,0
DA:1119,0
DA:1121,0
DA:1122,0
DA:1123,0
DA:1126,0
DA:1128,0
DA:1129,0
DA:1130,0
DA:1132,0
DA:1134,0
DA:1135,0
DA:1137,0
DA:1145,0
DA:1146,0
DA:1148,0
DA:1380,0
DA:1387,0
DA:1389,0
DA:1391,0
DA:1393,0
DA:1397,0
DA:1402,0
DA:1404,0
DA:1408,0
DA:1412,0
DA:1414,0
DA:1415,0
DA:1416,0
DA:1417,0
DA:1418,0
DA:1419,0
DA:1420,0
DA:1421,0
DA:1422,0
DA:1424,0
DA:1427,0
DA:1436,0
DA:1437,0
DA:1438,0
DA:1440,0
DA:1442,0
DA:1447,0
DA:1451,0
DA:1453,0
DA:1456,0
DA:1458,0
DA:1461,0
DA:1466,0
DA:1468,0
DA:1470,0
DA:1472,0
DA:1473,0
DA:1474,0
DA:1478,0
DA:1479,0
DA:1480,0
DA:1482,0
DA:1484,0
DA:1486,0
DA:1488,0
DA:1489,0
DA:1490,0
DA:1494,0
DA:1495,0
DA:1496,0
DA:1498,0
DA:1501,0
DA:1503,0
DA:1505,0
DA:1506,0
DA:1507,0
DA:1511,0
DA:1512,0
DA:1513,0
DA:1515,0
DA:1518,0
DA:1521,0
DA:1523,0
DA:1524,0
DA:1525,0
DA:1529,0
DA:1530,0
DA:1531,0
DA:1533,0
DA:1534,0
DA:1537,0
DA:1539,0
DA:1541,0
DA:1545,0
DA:1550,0
DA:1552,0
DA:1556,0
DA:1560,0
DA:1562,0
DA:1564,0
DA:1565,0
DA:1566,0
DA:1567,0
DA:1569,0
DA:1570,0
DA:1571,0
DA:1572,0
DA:1573,0
DA:1574,0
DA:1575,0
DA:1576,0
DA:1577,0
DA:1578,0
DA:1579,0
DA:1582,0
DA:1584,0
DA:1586,0
DA:1591,0
DA:1598,0
DA:1601,0
DA:1603,0
DA:1605,0
DA:1607,0
DA:1608,0
DA:1614,0
DA:1616,0
DA:1620,0
DA:1622,0
DA:1623,0
DA:1624,0
DA:1625,0
DA:1627,0
DA:1630,0
DA:1638,0
DA:1641,0
DA:1643,0
DA:1645,0
DA:1647,0
DA:1648,0
DA:1654,0
DA:1656,0
DA:1660,0
DA:1662,0
DA:1663,0
DA:1664,0
DA:1665,0
DA:1667,0
DA:1670,0
DA:1677,0
DA:1678,0
DA:1679,0
DA:1680,0
DA:1682,0
DA:1685,0
DA:1690,0
DA:1694,0
DA:1696,0
DA:1699,0
DA:1701,0
DA:1704,0
DA:1706,0
DA:1711,0
DA:1712,0
DA:1714,0
DA:1718,0
DA:1720,0
DA:1722,0
DA:1724,0
DA:1725,0
DA:1731,0
DA:1733,0
DA:1737,0
DA:1739,0
DA:1740,0
DA:1742,0
DA:1743,0
DA:1745,0
DA:1746,0
DA:1747,0
DA:1749,0
DA:1753,0
DA:1761,0
DA:1762,0
DA:1763,0
DA:1766,0
DA:1768,0
DA:1773,0
DA:1776,0
DA:1778,0
DA:1781,0
DA:1783,0
DA:1786,0
DA:1788,0
DA:1791,0
DA:1793,0
DA:1794,0
DA:1796,0
DA:1798,0
DA:1799,0
DA:1800,0
DA:1802,0
DA:1803,0
DA:1805,0
DA:1806,0
DA:1807,0
DA:1808,0
DA:1809,0
DA:1810,0
DA:1811,0
DA:1812,0
DA:1814,0
DA:1815,0
DA:1817,0
DA:1819,0
DA:1842,0
DA:1844,0
DA:1846,0
DA:1847,0
DA:1848,0
DA:1850,0
DA:1851,0
DA:1852,0
DA:1855,0
DA:1856,0
DA:1857,0
DA:1860,0
DA:1861,0
DA:1862,0
DA:1868,0
DA:1870,0
DA:1871,0
DA:2124,0
DA:2126,0
DA:2128,0
DA:2129,0
DA:2130,0
DA:2132,0
DA:2138,0
DA:2140,0
DA:2141,0
DA:2142,0
DA:2144,0
DA:2145,0
DA:2147,0
DA:2150,0
DA:2152,0
DA:2154,0
DA:2157,0
DA:2161,0
DA:2163,0
DA:2165,0
DA:2166,0
DA:2167,0
DA:2169,0
DA:2170,0
DA:2171,0
DA:2173,0
DA:2177,0
DA:2179,0
DA:2180,0
DA:2181,0
DA:2183,0
DA:2184,0
DA:2185,0
DA:2187,0
DA:2188,0
DA:2193,0
DA:2195,0
DA:2196,0
DA:2197,0
DA:2198,0
DA:2200,0
DA:2202,0
DA:2203,0
DA:2205,0
DA:2207,0
DA:2210,0
DA:2211,0
DA:2215,0
DA:2217,0
DA:2218,0
DA:2221,1
DA:2223,1
DA:2224,1
DA:2225,1
DA:2226,1
DA:2227,1
DA:2228,1
DA:2229,1
DA:2230,1
DA:2232,1
DA:2234,1
DA:2237,1
DA:2239,1
DA:2240,1
DA:2241,1
DA:2242,1
DA:2243,1
DA:2244,1
DA:2245,1
DA:2246,1
DA:2247,1
DA:2248,1
DA:2249,1
DA:2251,1
DA:2255,0
DA:2260,1
DA:2263,1
DA:2277,1
DA:2280,1
DA:2281,1
DA:2282,1
DA:2284,1
DA:2286,0
DA:2288,0
DA:2290,0
DA:2291,0
DA:2292,0
DA:2294,0
DA:2295,0
DA:2297,0
DA:2299,0
DA:2301,0
DA:2305,0
DA:2306,0
DA:2307,0
DA:2309,0
DA:2310,0
DA:2311,0
DA:2312,0
DA:2313,0
DA:2314,0
DA:2315,0
DA:2316,0
DA:2317,0
DA:2319,0
DA:2321,0
DA:2323,0
DA:2327,0
DA:2328,0
DA:2329,0
DA:2331,0
DA:2332,0
DA:2333,0
DA:2334,0
DA:2335,0
DA:2338,0
DA:2339,0
DA:2340,0
DA:2341,0
DA:2342,0
DA:2343,0
DA:2344,0
DA:2345,0
DA:2346,0
DA:2348,0
DA:2353,1
DA:2357,0
DA:2359,0
DA:2360,0
DA:2361,0
DA:2363,0
DA:2365,0
DA:2368,0
DA:2370,0
DA:2373,0
DA:2375,0
DA:2376,0
DA:2378,0
DA:2380,0
DA:2381,0
DA:2383,0
DA:2387,0
DA:2389,0
DA:2390,0
DA:2392,0
DA:2393,0
DA:2398,0
DA:2400,0
DA:2404,0
DA:2405,0
DA:2408,0
DA:2412,0
DA:2420,0
DA:2421,0
DA:2423,0
DA:2425,0
DA:2429,0
DA:2430,0
DA:2433,0
DA:2434,0
DA:2436,0
DA:2438,0
DA:2440,0
DA:2442,0
DA:2446,0
DA:2447,0
DA:2449,0
DA:2453,0
DA:2455,0
DA:2457,0
DA:2462,0
DA:2464,0
DA:2467,0
DA:2471,0
DA:2475,2
DA:2479,2
DA:2481,0
DA:2485,2
DA:2489,2
DA:2491,0
DA:2493,0
DA:2497,2
LF:837
LH:82
end_of_record
TN:
SF:/workspaces/testingGocodeo/src/main.c
FN:3,5,add
FN:7,9,multiply
FNDA:1,add
FNDA:1,multiply
FNF:2
FNH:2
DA:3,1
DA:4,1
DA:7,1
DA:8,1
LF:4
LH:4
end_of_record
TN:
SF:/workspaces/testingGocodeo/test/test_main.c
FN:11,13,test_multiply
FN:4,4,setUp
FN:5,5,tearDown
FN:7,9,test_add
FNDA:1,test_multiply
FNDA:2,setUp
FNDA:2,tearDown
FNDA:1,test_add
FNF:4
FNH:4
DA:4,2
DA:5,2
DA:7,1
DA:8,1
DA:9,1
DA:11,1
DA:12,1
DA:13,1
LF:8
LH:8
end_of_record
